0 info it worked if it ends with ok
1 verbose cli [ 'C:\\nodejs\\\\node.exe',
1 verbose cli   'C:\\nodejs\\node_modules\\npm\\bin\\npm-cli.js',
1 verbose cli   'publish' ]
2 info using npm@1.4.28
3 info using node@v0.10.33
4 verbose node symlink C:\nodejs\\node.exe
5 verbose publish [ '.' ]
6 verbose cache add [ '.', null ]
7 verbose cache add name=undefined spec="." args=[".",null]
8 verbose parsed url { protocol: null,
8 verbose parsed url   slashes: null,
8 verbose parsed url   auth: null,
8 verbose parsed url   host: null,
8 verbose parsed url   port: null,
8 verbose parsed url   hostname: null,
8 verbose parsed url   hash: null,
8 verbose parsed url   search: null,
8 verbose parsed url   query: null,
8 verbose parsed url   pathname: '.',
8 verbose parsed url   path: '.',
8 verbose parsed url   href: '.' }
9 silly lockFile 3a52ce78- .
10 verbose lock . C:\Users\Nikola\AppData\Roaming\npm-cache\3a52ce78-.lock
11 verbose tar pack [ 'C:\\Users\\Nikola\\AppData\\Roaming\\npm-cache\\TheAnswerToLifeTheUniverseAndEverything\\1.0.0\\package.tgz',
11 verbose tar pack   '.' ]
12 verbose tarball C:\Users\Nikola\AppData\Roaming\npm-cache\TheAnswerToLifeTheUniverseAndEverything\1.0.0\package.tgz
13 verbose folder .
14 info prepublish TheAnswerToLifeTheUniverseAndEverything@1.0.0
15 silly lockFile 1f1177db-tar tar://.
16 verbose lock tar://. C:\Users\Nikola\AppData\Roaming\npm-cache\1f1177db-tar.lock
17 silly lockFile 8f003fe1-eAndEverything-1-0-0-package-tgz tar://C:\Users\Nikola\AppData\Roaming\npm-cache\TheAnswerToLifeTheUniverseAndEverything\1.0.0\package.tgz
18 verbose lock tar://C:\Users\Nikola\AppData\Roaming\npm-cache\TheAnswerToLifeTheUniverseAndEverything\1.0.0\package.tgz C:\Users\Nikola\AppData\Roaming\npm-cache\8f003fe1-eAndEverything-1-0-0-package-tgz.lock
19 silly lockFile 1f1177db-tar tar://.
20 silly lockFile 1f1177db-tar tar://.
21 silly lockFile 8f003fe1-eAndEverything-1-0-0-package-tgz tar://C:\Users\Nikola\AppData\Roaming\npm-cache\TheAnswerToLifeTheUniverseAndEverything\1.0.0\package.tgz
22 silly lockFile 8f003fe1-eAndEverything-1-0-0-package-tgz tar://C:\Users\Nikola\AppData\Roaming\npm-cache\TheAnswerToLifeTheUniverseAndEverything\1.0.0\package.tgz
23 silly lockFile de466026-verseAndEverything-1-0-0-package C:\Users\Nikola\AppData\Roaming\npm-cache\TheAnswerToLifeTheUniverseAndEverything\1.0.0\package
24 verbose lock C:\Users\Nikola\AppData\Roaming\npm-cache\TheAnswerToLifeTheUniverseAndEverything\1.0.0\package C:\Users\Nikola\AppData\Roaming\npm-cache\de466026-verseAndEverything-1-0-0-package.lock
25 silly lockFile de466026-verseAndEverything-1-0-0-package C:\Users\Nikola\AppData\Roaming\npm-cache\TheAnswerToLifeTheUniverseAndEverything\1.0.0\package
26 silly lockFile de466026-verseAndEverything-1-0-0-package C:\Users\Nikola\AppData\Roaming\npm-cache\TheAnswerToLifeTheUniverseAndEverything\1.0.0\package
27 silly lockFile 3a52ce78- .
28 silly lockFile 3a52ce78- .
29 silly publish { name: 'TheAnswerToLifeTheUniverseAndEverything',
29 silly publish   version: '1.0.0',
29 silly publish   description: 'A Node.js npm module which returns the answer to life the universe and everything',
29 silly publish   main: 'index.js',
29 silly publish   scripts: { test: 'jasmine-node ./spec' },
29 silly publish   repository:
29 silly publish    { type: 'git',
29 silly publish      url: 'https://github.com/Hitman666/TheAnswerToLifeTheUniverseAndEverything.git' },
29 silly publish   keywords: [ 'meaning', 'universe', 'life', 'douglas', 'adams' ],
29 silly publish   author: { name: 'Nikola Brežnjak', email: 'nikola.breznjak@gmail.com' },
29 silly publish   license: 'ISC',
29 silly publish   bugs: { url: 'https://github.com/Hitman666/TheAnswerToLifeTheUniverseAndEverything/issues' },
29 silly publish   homepage: 'https://github.com/Hitman666/TheAnswerToLifeTheUniverseAndEverything',
29 silly publish   readme: 'TheAnswerToLifeTheUniverseAndEverything\r\n=======================================\r\n\r\nA Node.js npm module which returns the answer to life the universe and everything\r\n',
29 silly publish   readmeFilename: 'README.md',
29 silly publish   gitHead: '81ca6cc1bb562acc0338efc8052762508fe09e54',
29 silly publish   _id: 'TheAnswerToLifeTheUniverseAndEverything@1.0.0',
29 silly publish   _shasum: 'a14936477adb60286c8319e5839cf1679d8f630b',
29 silly publish   _from: '.' }
30 verbose request where is /TheAnswerToLifeTheUniverseAndEverything
31 verbose request registry https://registry.npmjs.org/
32 verbose request id 8760be6e1691cd9b
33 verbose url raw /TheAnswerToLifeTheUniverseAndEverything
34 verbose url resolving [ 'https://registry.npmjs.org/',
34 verbose url resolving   './TheAnswerToLifeTheUniverseAndEverything' ]
35 verbose url resolved https://registry.npmjs.org/TheAnswerToLifeTheUniverseAndEverything
36 verbose request where is https://registry.npmjs.org/TheAnswerToLifeTheUniverseAndEverything
37 info trying registry request attempt 1 at 14:25:52
38 http PUT https://registry.npmjs.org/TheAnswerToLifeTheUniverseAndEverything
39 http 403 https://registry.npmjs.org/TheAnswerToLifeTheUniverseAndEverything
40 verbose headers { date: 'Wed, 10 Dec 2014 13:25:52 GMT',
40 verbose headers   server: 'CouchDB/1.5.0 (Erlang OTP/R16B03)',
40 verbose headers   'content-type': 'application/json',
40 verbose headers   'cache-control': 'max-age=60',
40 verbose headers   'content-length': '76',
40 verbose headers   'accept-ranges': 'bytes',
40 verbose headers   via: '1.1 varnish',
40 verbose headers   'x-served-by': 'cache-lcy1128-LCY',
40 verbose headers   'x-cache': 'MISS',
40 verbose headers   'x-cache-hits': '0',
40 verbose headers   'x-timer': 'S1418217952.287483,VS0,VE635',
40 verbose headers   'keep-alive': 'timeout=10, max=50',
40 verbose headers   connection: 'Keep-Alive' }
41 error publish Failed PUT 403
42 error Error: forbidden New packages must have all-lowercase names: TheAnswerToLifeTheUniverseAndEverything
42 error     at RegClient.<anonymous> (C:\nodejs\node_modules\npm\node_modules\npm-registry-client\lib\request.js:308:14)
42 error     at Request._callback (C:\nodejs\node_modules\npm\node_modules\npm-registry-client\lib\request.js:246:65)
42 error     at Request.self.callback (C:\nodejs\node_modules\npm\node_modules\request\request.js:236:22)
42 error     at Request.emit (events.js:98:17)
42 error     at Request.<anonymous> (C:\nodejs\node_modules\npm\node_modules\request\request.js:1142:14)
42 error     at Request.emit (events.js:117:20)
42 error     at IncomingMessage.<anonymous> (C:\nodejs\node_modules\npm\node_modules\request\request.js:1096:12)
42 error     at IncomingMessage.emit (events.js:117:20)
42 error     at _stream_readable.js:943:16
42 error     at process._tickCallback (node.js:419:13)
43 error If you need help, you may report this *entire* log,
43 error including the npm and node versions, at:
43 error     <http://github.com/npm/npm/issues>
44 error System Windows_NT 6.1.7601
45 error command "C:\\nodejs\\\\node.exe" "C:\\nodejs\\node_modules\\npm\\bin\\npm-cli.js" "publish"
46 error cwd C:\Users\Nikola\Desktop\myGitProjects\TheAnswerToLifeTheUniverseAndEverything
47 error node -v v0.10.33
48 error npm -v 1.4.28
49 verbose exit [ 1, true ]
